2016/07/18 13:15:47.212644 [131547101][Fatal][lua.go172]:  attempt to index a non-table object(nil)
stack traceback:
	[G]: ?goroutine 14 [running]:
runtime/debug.Stack(0x0, 0x0, 0x0)
	c:/go/src/runtime/debug/stack.go:24 +0x80
github.com/colinyl/lib4go/script.luaRecover(0x2444c0, 0x10c04630)
	e:/project/golang/src/github.com/colinyl/lib4go/script/lua.go:172 +0x43
panic(0x651b60, 0x110547c0)
	c:/go/src/runtime/panic.go:443 +0x3fd
github.com/yuin/gopher-lua.panicWithTraceback(0x10c07280)
	e:/project/golang/src/github.com/yuin/gopher-lua/state.go:313 +0xdb
github.com/yuin/gopher-lua.(*LState).raiseError(0x10c07280, 0x1, 0x6ca380, 0x27, 0x10c25be8, 0x1, 0x1)
	e:/project/golang/src/github.com/yuin/gopher-lua/state.go:398 +0x286
github.com/yuin/gopher-lua.(*LState).RaiseError(0x10c07280, 0x6ca380, 0x27, 0x10c25be8, 0x1, 0x1)
	e:/project/golang/src/github.com/yuin/gopher-lua/state.go:1305 +0x51
github.com/yuin/gopher-lua.(*LState).getFieldString(0x10c07280, 0x244310, 0x7ea858, 0x68b398, 0x6, 0x0, 0x0)
	e:/project/golang/src/github.com/yuin/gopher-lua/state.go:924 +0x2d1
github.com/yuin/gopher-lua.(*LState).GetField(0x10c07280, 0x244310, 0x7ea858, 0x68b398, 0x6, 0x0, 0x0)
	e:/project/golang/src/github.com/yuin/gopher-lua/state.go:1483 +0x4b
github.com/colinyl/lib4go/script.json2LuaTable(0x10c07280, 0x6894f4, 0x2, 0x2444c0, 0x10c04630, 0x0, 0x0)
	e:/project/golang/src/github.com/colinyl/lib4go/script/lua.go:326 +0x264
github.com/colinyl/lib4go/script.(*LuaPool).call(0x10c561c0, 0x69cd60, 0x8, 0x0, 0x0, 0x6894f4, 0x2, 0x0, 0x0, 0x2444c0, ...)
	e:/project/golang/src/github.com/colinyl/lib4go/script/lua.go:218 +0xb83
github.com/colinyl/lib4go/script.(*LuaPool).Call(0x10c561c0, 0x69cd60, 0x8, 0x0, 0x0, 0x6894f4, 0x2, 0x0, 0x0, 0x0, ...)
	e:/project/golang/src/github.com/colinyl/lib4go/script/lua.go:159 +0x1a0
github.com/colinyl/lib4go/script.TestLua(0x10c0e300)
	e:/project/golang/src/github.com/colinyl/lib4go/script/lua_test.go:66 +0xa8
testing.tRunner(0x10c0e300, 0x7d69bc)
	c:/go/src/testing/testing.go:473 +0x8f
created by testing.RunTests
	c:/go/src/testing/testing.go:582 +0x6f2

